<?xml version="1.0" encoding="UTF-8"?>
<!-- Generated by org.testng.reporters.JUnitReportReporter -->
<testsuite skipped="0" hostname="CSSLSYSTEM-300" name="GSONSample" tests="1" failures="0" timestamp="07 Nov 2017 12:11:03 GMT" time="0.006" errors="0">
  <testcase name="f" time="0.006" classname="GSONSample"/>
</testsuite> <!-- GSONSample -->
